[+] Containers:
 |- [+] Container: /Game/Maps/Level_01
 |   |- [+] ActorDescs:
 |   |   |- Guid:1EC5BCCB40173F5AFE813FAB4FD2CB2E BaseClass: NativeClass:/Script/Engine.StaticMeshActor Name:StaticMeshActor_4 Label:SM_Cube6 SpatiallyLoaded:1 Bounds:IsValid=true, Min=(X=2900.000 Y=100.000 Z=0.000), Max=(X=3000.000 Y=3400.000 Z=400.000) RuntimeGrid:None EditorOnly:0 RuntimeOnly:0 HLODRelevant:0 ListedInSceneOutliner:1 IsMainWorldOnly:0 FolderPath:Playground FolderGuid:C73F09FC4215536B1DCE2A9E0A830C70
 |   |   |- Guid:20FAFB06414D7F13D9FB838ACFB7A27B BaseClass: NativeClass:/Script/Engine.StaticMeshActor Name:StaticMeshActor_UAID_A4AE111137DC5EFB00_1110535423 Label:SM_SkySphere SpatiallyLoaded:0 Bounds:IsValid=true, Min=(X=-1638400.000 Y=-1638400.000 Z=-1638400.000), Max=(X=1638400.000 Y=1638400.000 Z=1638400.000) RuntimeGrid:None EditorOnly:0 RuntimeOnly:0 HLODRelevant:1 ListedInSceneOutliner:1 IsMainWorldOnly:0 FolderPath:Lighting FolderGuid:963EC3EB4002CCE9759E2EBA541A873A
 |   |   |- Guid:2514ED0F4FC50FDAB0E5C6AC60C833C4 BaseClass: NativeClass:/Script/Engine.PostProcessVolume Name:PostProcessVolume_0 Label:PostProcessVolume SpatiallyLoaded:0 Bounds:IsValid=true, Min=(X=0.000 Y=-990.000 Z=400.000), Max=(X=200.000 Y=-790.000 Z=600.000) RuntimeGrid:None EditorOnly:0 RuntimeOnly:0 HLODRelevant:0 ListedInSceneOutliner:1 IsMainWorldOnly:0 FolderPath:Lighting FolderGuid:963EC3EB4002CCE9759E2EBA541A873A
 |   |   |- Guid:280F353B4B00DABD0158B3A76CD0D4B3 BaseClass: NativeClass:/Script/Engine.PlayerStart Name:PlayerStart_0 Label:PlayerStart SpatiallyLoaded:0 Bounds:IsValid=true, Min=(X=850.000 Y=440.000 Z=0.013), Max=(X=930.000 Y=520.000 Z=184.013) RuntimeGrid:None EditorOnly:0 RuntimeOnly:0 HLODRelevant:0 ListedInSceneOutliner:1 IsMainWorldOnly:0
 |   |   |- Guid:3317F06045AED06F2BDCC591BAB140F9 BaseClass: NativeClass:/Script/Engine.VolumetricCloud Name:VolumetricCloud_0 Label:VolumetricCloud SpatiallyLoaded:0 Bounds:IsValid=true, Min=(X=0.000 Y=-990.000 Z=820.000), Max=(X=0.000 Y=-990.000 Z=820.000) RuntimeGrid:None EditorOnly:0 RuntimeOnly:0 HLODRelevant:0 ListedInSceneOutliner:1 IsMainWorldOnly:0 FolderPath:Lighting FolderGuid:963EC3EB4002CCE9759E2EBA541A873A
 |   |   |- Guid:4BD37C36402DF945DBEF8E87A54257A0 BaseClass: NativeClass:/Script/Engine.SkyAtmosphere Name:SkyAtmosphere_0 Label:SkyAtmosphere SpatiallyLoaded:0 Bounds:IsValid=true, Min=(X=0.000 Y=-990.000 Z=1020.000), Max=(X=0.000 Y=-990.000 Z=1020.000) RuntimeGrid:None EditorOnly:0 RuntimeOnly:0 HLODRelevant:0 ListedInSceneOutliner:1 IsMainWorldOnly:0 FolderPath:Lighting FolderGuid:963EC3EB4002CCE9759E2EBA541A873A
 |   |   |- Guid:54CD4CAA41E5857BC50F8784209655D3 BaseClass: NativeClass:/Script/Engine.SkyLight Name:SkyLight_1 Label:SkyLight SpatiallyLoaded:0 Bounds:IsValid=true, Min=(X=0.000 Y=-990.000 Z=690.000), Max=(X=0.000 Y=-990.000 Z=690.000) RuntimeGrid:None EditorOnly:0 RuntimeOnly:0 HLODRelevant:0 ListedInSceneOutliner:1 IsMainWorldOnly:0 FolderPath:Lighting FolderGuid:963EC3EB4002CCE9759E2EBA541A873A
 |   |   |- Guid:58F9B47F485EA36AAB3BF687750A43D5 BaseClass: NativeClass:/Script/Engine.StaticMeshActor Name:StaticMeshActor_1 Label:SM_Cube SpatiallyLoaded:1 Bounds:IsValid=true, Min=(X=0.000 Y=0.000 Z=-50.000), Max=(X=3000.000 Y=3500.000 Z=0.000) RuntimeGrid:None EditorOnly:0 RuntimeOnly:0 HLODRelevant:1 ListedInSceneOutliner:1 IsMainWorldOnly:0 FolderPath:Playground FolderGuid:C73F09FC4215536B1DCE2A9E0A830C70
 |   |   |- Guid:6EBEC2D2461C5DF9BD19BAB79AF96B89 BaseClass: NativeClass:/Script/Engine.StaticMeshActor Name:StaticMeshActor_UAID_D843AE98972ADD2A02_1189086745 Label:SM_Cube14 SpatiallyLoaded:1 Bounds:IsValid=true, Min=(X=501.000 Y=1003.000 Z=0.000), Max=(X=2401.000 Y=1303.000 Z=700.000) RuntimeGrid:None EditorOnly:0 RuntimeOnly:0 HLODRelevant:1 ListedInSceneOutliner:1 IsMainWorldOnly:0 FolderPath:Block02 FolderGuid:EBA23F8248252949750E43911A3A1CDD
 |   |   |- Guid:71A34F054A6671E165E878BFCEE11AED BaseClass: NativeClass:/Script/Engine.StaticMeshActor Name:StaticMeshActor_12 Label:SM_Cube8 SpatiallyLoaded:1 Bounds:IsValid=true, Min=(X=500.000 Y=703.000 Z=0.000), Max=(X=2400.000 Y=1003.000 Z=100.000) RuntimeGrid:None EditorOnly:0 RuntimeOnly:0 HLODRelevant:1 ListedInSceneOutliner:1 IsMainWorldOnly:0 FolderPath:Block02 FolderGuid:EBA23F8248252949750E43911A3A1CDD
 |   |   |- Guid:8DB0C0A6422FAF6C48795E8024354534 BaseClass: NativeClass:/Script/Engine.StaticMeshActor Name:StaticMeshActor_UAID_08BFB8EEB04D012B02_1394368079 Label:SM_Cube15 SpatiallyLoaded:1 Bounds:IsValid=true, Min=(X=511.000 Y=403.000 Z=500.000), Max=(X=2411.000 Y=703.000 Z=1100.000) RuntimeGrid:None EditorOnly:0 RuntimeOnly:0 HLODRelevant:1 ListedInSceneOutliner:1 IsMainWorldOnly:0 FolderPath:Block02 FolderGuid:EBA23F8248252949750E43911A3A1CDD
 |   |   |- Guid:98B241C8464E12953C0947998DD577FA BaseClass: NativeClass:/Script/Engine.StaticMeshActor Name:StaticMeshActor_0 Label:SM_Cube5 SpatiallyLoaded:1 Bounds:IsValid=true, Min=(X=-0.000 Y=100.000 Z=0.000), Max=(X=100.000 Y=3400.000 Z=400.000) RuntimeGrid:None EditorOnly:0 RuntimeOnly:0 HLODRelevant:0 ListedInSceneOutliner:1 IsMainWorldOnly:0 FolderPath:Playground FolderGuid:C73F09FC4215536B1DCE2A9E0A830C70
 |   |   |- Guid:AF14C070424A6F9AE20FF29EBB4AAD20 BaseClass: NativeClass:/Script/Engine.WorldDataLayers Name:WorldDataLayers Label:WorldDataLayers SpatiallyLoaded:0 Bounds:Invalid RuntimeGrid:None EditorOnly:0 RuntimeOnly:0 HLODRelevant:0 ListedInSceneOutliner:1 IsMainWorldOnly:1
 |   |   |- Guid:B50998DC478A3A67FD51959E9499EB45 BaseClass: NativeClass:/Script/Engine.ExponentialHeightFog Name:ExponentialHeightFog_0 Label:ExponentialHeightFog SpatiallyLoaded:0 Bounds:IsValid=true, Min=(X=-5600.000 Y=-50.000 Z=-6850.000), Max=(X=-5600.000 Y=-50.000 Z=-6850.000) RuntimeGrid:None EditorOnly:0 RuntimeOnly:0 HLODRelevant:0 ListedInSceneOutliner:1 IsMainWorldOnly:0 FolderPath:Lighting FolderGuid:963EC3EB4002CCE9759E2EBA541A873A
 |   |   |- Guid:D300754C4EA471636FD76BA65AA859AD BaseClass: NativeClass:/Script/Engine.DirectionalLight Name:DirectionalLight_0 Label:DirectionalLight SpatiallyLoaded:0 Bounds:IsValid=true, Min=(X=-4398046511104.000 Y=-4398046511104.000 Z=-4398046511104.000), Max=(X=4398046511104.000 Y=4398046511104.000 Z=4398046511104.000) RuntimeGrid:None EditorOnly:0 RuntimeOnly:0 HLODRelevant:0 ListedInSceneOutliner:1 IsMainWorldOnly:0 FolderPath:Lighting FolderGuid:963EC3EB4002CCE9759E2EBA541A873A
 |   |   |- Guid:F8BA12514C490292FD86DC87CCE71003 BaseClass: NativeClass:/Script/Engine.StaticMeshActor Name:StaticMeshActor_6 Label:SM_Cube3 SpatiallyLoaded:1 Bounds:IsValid=true, Min=(X=0.000 Y=3400.000 Z=0.000), Max=(X=3000.000 Y=3500.000 Z=2400.000) RuntimeGrid:None EditorOnly:0 RuntimeOnly:0 HLODRelevant:1 ListedInSceneOutliner:1 IsMainWorldOnly:0 FolderPath:Playground FolderGuid:C73F09FC4215536B1DCE2A9E0A830C70
 |   |   |- Guid:F8E8086144554A4562E29880DCCCCA98 BaseClass: NativeClass:/Script/Engine.StaticMeshActor Name:StaticMeshActor_5 Label:SM_Cube2 SpatiallyLoaded:1 Bounds:IsValid=true, Min=(X=0.000 Y=0.000 Z=0.000), Max=(X=3000.000 Y=100.000 Z=2400.000) RuntimeGrid:None EditorOnly:0 RuntimeOnly:0 HLODRelevant:1 ListedInSceneOutliner:1 IsMainWorldOnly:0 FolderPath:Playground FolderGuid:C73F09FC4215536B1DCE2A9E0A830C70
 |   |- [+] Clusters:
 |   |   |- [+] [  0]
 |   |   |   |- Guid:1EC5BCCB40173F5AFE813FAB4FD2CB2E BaseClass: NativeClass:/Script/Engine.StaticMeshActor Name:StaticMeshActor_4 Label:SM_Cube6 SpatiallyLoaded:1 Bounds:IsValid=true, Min=(X=2900.000 Y=100.000 Z=0.000), Max=(X=3000.000 Y=3400.000 Z=400.000) RuntimeGrid:None EditorOnly:0 RuntimeOnly:0 HLODRelevant:0 ListedInSceneOutliner:1 IsMainWorldOnly:0 FolderPath:Playground FolderGuid:C73F09FC4215536B1DCE2A9E0A830C70
 |   |   |- [+] [  1]
 |   |   |   |- Guid:20FAFB06414D7F13D9FB838ACFB7A27B BaseClass: NativeClass:/Script/Engine.StaticMeshActor Name:StaticMeshActor_UAID_A4AE111137DC5EFB00_1110535423 Label:SM_SkySphere SpatiallyLoaded:0 Bounds:IsValid=true, Min=(X=-1638400.000 Y=-1638400.000 Z=-1638400.000), Max=(X=1638400.000 Y=1638400.000 Z=1638400.000) RuntimeGrid:None EditorOnly:0 RuntimeOnly:0 HLODRelevant:1 ListedInSceneOutliner:1 IsMainWorldOnly:0 FolderPath:Lighting FolderGuid:963EC3EB4002CCE9759E2EBA541A873A
 |   |   |- [+] [  2]
 |   |   |   |- Guid:2514ED0F4FC50FDAB0E5C6AC60C833C4 BaseClass: NativeClass:/Script/Engine.PostProcessVolume Name:PostProcessVolume_0 Label:PostProcessVolume SpatiallyLoaded:0 Bounds:IsValid=true, Min=(X=0.000 Y=-990.000 Z=400.000), Max=(X=200.000 Y=-790.000 Z=600.000) RuntimeGrid:None EditorOnly:0 RuntimeOnly:0 HLODRelevant:0 ListedInSceneOutliner:1 IsMainWorldOnly:0 FolderPath:Lighting FolderGuid:963EC3EB4002CCE9759E2EBA541A873A
 |   |   |- [+] [  3]
 |   |   |   |- Guid:280F353B4B00DABD0158B3A76CD0D4B3 BaseClass: NativeClass:/Script/Engine.PlayerStart Name:PlayerStart_0 Label:PlayerStart SpatiallyLoaded:0 Bounds:IsValid=true, Min=(X=850.000 Y=440.000 Z=0.013), Max=(X=930.000 Y=520.000 Z=184.013) RuntimeGrid:None EditorOnly:0 RuntimeOnly:0 HLODRelevant:0 ListedInSceneOutliner:1 IsMainWorldOnly:0
 |   |   |- [+] [  4]
 |   |   |   |- Guid:3317F06045AED06F2BDCC591BAB140F9 BaseClass: NativeClass:/Script/Engine.VolumetricCloud Name:VolumetricCloud_0 Label:VolumetricCloud SpatiallyLoaded:0 Bounds:IsValid=true, Min=(X=0.000 Y=-990.000 Z=820.000), Max=(X=0.000 Y=-990.000 Z=820.000) RuntimeGrid:None EditorOnly:0 RuntimeOnly:0 HLODRelevant:0 ListedInSceneOutliner:1 IsMainWorldOnly:0 FolderPath:Lighting FolderGuid:963EC3EB4002CCE9759E2EBA541A873A
 |   |   |- [+] [  5]
 |   |   |   |- Guid:4BD37C36402DF945DBEF8E87A54257A0 BaseClass: NativeClass:/Script/Engine.SkyAtmosphere Name:SkyAtmosphere_0 Label:SkyAtmosphere SpatiallyLoaded:0 Bounds:IsValid=true, Min=(X=0.000 Y=-990.000 Z=1020.000), Max=(X=0.000 Y=-990.000 Z=1020.000) RuntimeGrid:None EditorOnly:0 RuntimeOnly:0 HLODRelevant:0 ListedInSceneOutliner:1 IsMainWorldOnly:0 FolderPath:Lighting FolderGuid:963EC3EB4002CCE9759E2EBA541A873A
 |   |   |- [+] [  6]
 |   |   |   |- Guid:54CD4CAA41E5857BC50F8784209655D3 BaseClass: NativeClass:/Script/Engine.SkyLight Name:SkyLight_1 Label:SkyLight SpatiallyLoaded:0 Bounds:IsValid=true, Min=(X=0.000 Y=-990.000 Z=690.000), Max=(X=0.000 Y=-990.000 Z=690.000) RuntimeGrid:None EditorOnly:0 RuntimeOnly:0 HLODRelevant:0 ListedInSceneOutliner:1 IsMainWorldOnly:0 FolderPath:Lighting FolderGuid:963EC3EB4002CCE9759E2EBA541A873A
 |   |   |- [+] [  7]
 |   |   |   |- Guid:58F9B47F485EA36AAB3BF687750A43D5 BaseClass: NativeClass:/Script/Engine.StaticMeshActor Name:StaticMeshActor_1 Label:SM_Cube SpatiallyLoaded:1 Bounds:IsValid=true, Min=(X=0.000 Y=0.000 Z=-50.000), Max=(X=3000.000 Y=3500.000 Z=0.000) RuntimeGrid:None EditorOnly:0 RuntimeOnly:0 HLODRelevant:1 ListedInSceneOutliner:1 IsMainWorldOnly:0 FolderPath:Playground FolderGuid:C73F09FC4215536B1DCE2A9E0A830C70
 |   |   |- [+] [  8]
 |   |   |   |- Guid:6EBEC2D2461C5DF9BD19BAB79AF96B89 BaseClass: NativeClass:/Script/Engine.StaticMeshActor Name:StaticMeshActor_UAID_D843AE98972ADD2A02_1189086745 Label:SM_Cube14 SpatiallyLoaded:1 Bounds:IsValid=true, Min=(X=501.000 Y=1003.000 Z=0.000), Max=(X=2401.000 Y=1303.000 Z=700.000) RuntimeGrid:None EditorOnly:0 RuntimeOnly:0 HLODRelevant:1 ListedInSceneOutliner:1 IsMainWorldOnly:0 FolderPath:Block02 FolderGuid:EBA23F8248252949750E43911A3A1CDD
 |   |   |- [+] [  9]
 |   |   |   |- Guid:71A34F054A6671E165E878BFCEE11AED BaseClass: NativeClass:/Script/Engine.StaticMeshActor Name:StaticMeshActor_12 Label:SM_Cube8 SpatiallyLoaded:1 Bounds:IsValid=true, Min=(X=500.000 Y=703.000 Z=0.000), Max=(X=2400.000 Y=1003.000 Z=100.000) RuntimeGrid:None EditorOnly:0 RuntimeOnly:0 HLODRelevant:1 ListedInSceneOutliner:1 IsMainWorldOnly:0 FolderPath:Block02 FolderGuid:EBA23F8248252949750E43911A3A1CDD
 |   |   |- [+] [ 10]
 |   |   |   |- Guid:8DB0C0A6422FAF6C48795E8024354534 BaseClass: NativeClass:/Script/Engine.StaticMeshActor Name:StaticMeshActor_UAID_08BFB8EEB04D012B02_1394368079 Label:SM_Cube15 SpatiallyLoaded:1 Bounds:IsValid=true, Min=(X=511.000 Y=403.000 Z=500.000), Max=(X=2411.000 Y=703.000 Z=1100.000) RuntimeGrid:None EditorOnly:0 RuntimeOnly:0 HLODRelevant:1 ListedInSceneOutliner:1 IsMainWorldOnly:0 FolderPath:Block02 FolderGuid:EBA23F8248252949750E43911A3A1CDD
 |   |   |- [+] [ 11]
 |   |   |   |- Guid:98B241C8464E12953C0947998DD577FA BaseClass: NativeClass:/Script/Engine.StaticMeshActor Name:StaticMeshActor_0 Label:SM_Cube5 SpatiallyLoaded:1 Bounds:IsValid=true, Min=(X=-0.000 Y=100.000 Z=0.000), Max=(X=100.000 Y=3400.000 Z=400.000) RuntimeGrid:None EditorOnly:0 RuntimeOnly:0 HLODRelevant:0 ListedInSceneOutliner:1 IsMainWorldOnly:0 FolderPath:Playground FolderGuid:C73F09FC4215536B1DCE2A9E0A830C70
 |   |   |- [+] [ 12]
 |   |   |   |- Guid:AF14C070424A6F9AE20FF29EBB4AAD20 BaseClass: NativeClass:/Script/Engine.WorldDataLayers Name:WorldDataLayers Label:WorldDataLayers SpatiallyLoaded:0 Bounds:Invalid RuntimeGrid:None EditorOnly:0 RuntimeOnly:0 HLODRelevant:0 ListedInSceneOutliner:1 IsMainWorldOnly:1
 |   |   |- [+] [ 13]
 |   |   |   |- Guid:B50998DC478A3A67FD51959E9499EB45 BaseClass: NativeClass:/Script/Engine.ExponentialHeightFog Name:ExponentialHeightFog_0 Label:ExponentialHeightFog SpatiallyLoaded:0 Bounds:IsValid=true, Min=(X=-5600.000 Y=-50.000 Z=-6850.000), Max=(X=-5600.000 Y=-50.000 Z=-6850.000) RuntimeGrid:None EditorOnly:0 RuntimeOnly:0 HLODRelevant:0 ListedInSceneOutliner:1 IsMainWorldOnly:0 FolderPath:Lighting FolderGuid:963EC3EB4002CCE9759E2EBA541A873A
 |   |   |- [+] [ 14]
 |   |   |   |- Guid:D300754C4EA471636FD76BA65AA859AD BaseClass: NativeClass:/Script/Engine.DirectionalLight Name:DirectionalLight_0 Label:DirectionalLight SpatiallyLoaded:0 Bounds:IsValid=true, Min=(X=-4398046511104.000 Y=-4398046511104.000 Z=-4398046511104.000), Max=(X=4398046511104.000 Y=4398046511104.000 Z=4398046511104.000) RuntimeGrid:None EditorOnly:0 RuntimeOnly:0 HLODRelevant:0 ListedInSceneOutliner:1 IsMainWorldOnly:0 FolderPath:Lighting FolderGuid:963EC3EB4002CCE9759E2EBA541A873A
 |   |   |- [+] [ 15]
 |   |   |   |- Guid:F8BA12514C490292FD86DC87CCE71003 BaseClass: NativeClass:/Script/Engine.StaticMeshActor Name:StaticMeshActor_6 Label:SM_Cube3 SpatiallyLoaded:1 Bounds:IsValid=true, Min=(X=0.000 Y=3400.000 Z=0.000), Max=(X=3000.000 Y=3500.000 Z=2400.000) RuntimeGrid:None EditorOnly:0 RuntimeOnly:0 HLODRelevant:1 ListedInSceneOutliner:1 IsMainWorldOnly:0 FolderPath:Playground FolderGuid:C73F09FC4215536B1DCE2A9E0A830C70
 |   |   |- [+] [ 16]
 |   |   |   |- Guid:F8E8086144554A4562E29880DCCCCA98 BaseClass: NativeClass:/Script/Engine.StaticMeshActor Name:StaticMeshActor_5 Label:SM_Cube2 SpatiallyLoaded:1 Bounds:IsValid=true, Min=(X=0.000 Y=0.000 Z=0.000), Max=(X=3000.000 Y=100.000 Z=2400.000) RuntimeGrid:None EditorOnly:0 RuntimeOnly:0 HLODRelevant:1 ListedInSceneOutliner:1 IsMainWorldOnly:0 FolderPath:Playground FolderGuid:C73F09FC4215536B1DCE2A9E0A830C70
 |- ContainerInstances:
 |- [+] MainContainer:
 |   |-        ID: 00000000000000000000000000000000
 |   |-  ParentID: 00000000000000000000000000000000
 |   |-    Bounds: IsValid=false, Min=(X=0.000 Y=0.000 Z=0.000), Max=(X=0.000 Y=0.000 Z=0.000)
 |   |- Transform: 0.000000,0.000000,0.000000|0.000000,0.000000,-0.000000|1.000000,1.000000,1.000000
 |   |- Container: /Game/Maps/Level_01
----------------------------------------------------------------------------------------------------------------
Level_01 - Persistent Level
----------------------------------------------------------------------------------------------------------------
[+] Content of Level_01 Persistent Level
 |- Always loaded Actor Count: 24 
 |- Actor Path: /Game/Maps/Level_01.Level_01:PersistentLevel.AbstractNavData-Default
 |- Actor Package: /Game/Maps/Level_01
 |- Actor Path: /Game/Maps/Level_01.Level_01:PersistentLevel.Brush_0
 |- Actor Package: /Game/Maps/Level_01
 |- Actor Path: /Game/Maps/Level_01.Level_01:PersistentLevel.DefaultPhysicsVolume_0
 |- Actor Package: /Game/Maps/Level_01
 |- Actor Path: /Game/Maps/Level_01.Level_01:PersistentLevel.DirectionalLight_0
 |- Actor Package: /Game/__ExternalActors__/Maps/Level_01/7/YF/COCQTVKDKUSAG707D6KCJQ
 |- Actor Path: /Game/Maps/Level_01.Level_01:PersistentLevel.ExponentialHeightFog_0
 |- Actor Package: /Game/__ExternalActors__/Maps/Level_01/3/Q8/FIL1XQC6LSGLEHOB0568EN
 |- Actor Path: /Game/Maps/Level_01.Level_01:PersistentLevel.GameplayDebuggerPlayerManager_0
 |- Actor Package: /Game/Maps/Level_01
 |- Actor Path: /Game/Maps/Level_01.Level_01:PersistentLevel.PlayerStart_0
 |- Actor Package: /Game/__ExternalActors__/Maps/Level_01/C/6E/DTZTL40U9JEL8PR4BD8SF3
 |- Actor Path: /Game/Maps/Level_01.Level_01:PersistentLevel.PostProcessVolume_0
 |- Actor Package: /Game/__ExternalActors__/Maps/Level_01/0/AI/XD6WQTY1E6M3FH6D5HCOK2
 |- Actor Path: /Game/Maps/Level_01.Level_01:PersistentLevel.SkyAtmosphere_0
 |- Actor Package: /Game/__ExternalActors__/Maps/Level_01/7/RT/7KQQFOKSEHV30ZVARG7H3O
 |- Actor Path: /Game/Maps/Level_01.Level_01:PersistentLevel.SkyLight_1
 |- Actor Package: /Game/__ExternalActors__/Maps/Level_01/B/1A/V75PB6F9SQA92A31IC4ZJL
 |- Actor Path: /Game/Maps/Level_01.Level_01:PersistentLevel.StaticMeshActor_0
 |- Actor Package: /Game/__ExternalActors__/Maps/Level_01/C/J5/4KRR6B5V62EW9E6ISCDNAK
 |- Actor Path: /Game/Maps/Level_01.Level_01:PersistentLevel.StaticMeshActor_1
 |- Actor Package: /Game/__ExternalActors__/Maps/Level_01/5/7P/SZCMD41RKDXZEG0JTCOTKF
 |- Actor Path: /Game/Maps/Level_01.Level_01:PersistentLevel.StaticMeshActor_4
 |- Actor Package: /Game/__ExternalActors__/Maps/Level_01/2/75/P4977RNDE7UENEYKYEUXUT
 |- Actor Path: /Game/Maps/Level_01.Level_01:PersistentLevel.StaticMeshActor_5
 |- Actor Package: /Game/__ExternalActors__/Maps/Level_01/A/8P/KWSTIV41OOJH52KNVJYM99
 |- Actor Path: /Game/Maps/Level_01.Level_01:PersistentLevel.StaticMeshActor_6
 |- Actor Package: /Game/__ExternalActors__/Maps/Level_01/B/O7/Q5T8VSDK0SOVT179LINWHB
 |- Actor Path: /Game/Maps/Level_01.Level_01:PersistentLevel.StaticMeshActor_12
 |- Actor Package: /Game/__ExternalActors__/Maps/Level_01/6/79/2RDL63ZZ57RGEVIZ9WGJW4
 |- Actor Path: /Game/Maps/Level_01.Level_01:PersistentLevel.StaticMeshActor_UAID_08BFB8EEB04D012B02_1394368079
 |- Actor Package: /Game/__ExternalActors__/Maps/Level_01/5/G4/5P11K2B8P5IMRTSJECL0YJ
 |- Actor Path: /Game/Maps/Level_01.Level_01:PersistentLevel.StaticMeshActor_UAID_A4AE111137DC5EFB00_1110535423
 |- Actor Package: /Game/__ExternalActors__/Maps/Level_01/9/35/00T0FHYH7TPK2MU1LBNZ37
 |- Actor Path: /Game/Maps/Level_01.Level_01:PersistentLevel.StaticMeshActor_UAID_D843AE98972ADD2A02_1189086745
 |- Actor Package: /Game/__ExternalActors__/Maps/Level_01/9/1T/KYO2X4K4GT6MO1SOGHL5DQ
 |- Actor Path: /Game/Maps/Level_01.Level_01:PersistentLevel.ThirdPersonMap_C_1
 |- Actor Package: /Game/Maps/Level_01
 |- Actor Path: /Game/Maps/Level_01.Level_01:PersistentLevel.VolumetricCloud_0
 |- Actor Package: /Game/__ExternalActors__/Maps/Level_01/B/XS/1DQ3A49R5BUV8UMV33FDRN
 |- Actor Path: /Game/Maps/Level_01.Level_01:PersistentLevel.WorldDataLayers
 |- Actor Package: /Game/__ExternalActors__/Maps/Level_01/E/UI/YS6F6YOKJXI5O63TXIXLLU
 |- Actor Path: /Game/Maps/Level_01.Level_01:PersistentLevel.WorldInfo_0
 |- Actor Package: /Game/Maps/Level_01
 |- Actor Path: /Game/Maps/Level_01.Level_01:PersistentLevel.WorldPartitionMiniMap_0
 |- Actor Package: /Game/__ExternalActors__/Maps/Level_01/9/LU/3A4MYVRXNUR47TA5STZRCW

----------------------------------------------------------------------------------------------------------------
Level_01 - Runtime Spatial Hash - Streaming Grid - MainGrid
----------------------------------------------------------------------------------------------------------------
            Origin: X=0.000 Y=0.000 Z=0.000
         Cell Size: 12800
      World Bounds: IsValid=false, Min=(X=0.000 Y=0.000 Z=0.000), Max=(X=0.000 Y=0.000 Z=0.000)
     Loading Range: 25600.00
Block Slow Loading: No
 ClientOnlyVisible: No
            Origin: X=0.000 Y=0.000 Z=0.000

[+] Grid Levels: 1
 |- Level  0: Cell Count    0 | Cell Size   12800 | Actor Count    0 (0.0%)

[+] Content of Grid Level 0

